<?xml version="1.0" encoding="UTF-8"?>
<!-- Generated by org.testng.reporters.JUnitReportReporter -->
<testsuite hostname="THOMAS" failures="0" tests="1" name="testngpkg.Automationtesteg" time="12.022" errors="0" timestamp="2024-03-05T19:01:16 IST" skipped="0">
  <testcase classname="testngpkg.Automationtesteg" name="vgy" time="12.022"/>
  <system-out/>
</testsuite> <!-- testngpkg.Automationtesteg -->
