<?xml version="1.0" encoding="UTF-8"?>
<!-- Generated by org.testng.reporters.JUnitReportReporter -->
<testsuite hostname="THOMAS" failures="0" tests="6" name="testngpkg.Redifftestng" time="5.708" errors="0" timestamp="2024-02-20T09:02:59 IST" skipped="0">
  <testcase classname="testngpkg.Redifftestng" name="Logodisplay" time="0.660"/>
  <system-out/>
  <testcase classname="testngpkg.Redifftestng" name="Titleverify" time="0.601"/>
  <system-out/>
  <testcase classname="testngpkg.Redifftestng" name="ButtonV" time="0.649"/>
  <system-out/>
  <testcase classname="testngpkg.Redifftestng" name="radiobtn" time="2.493"/>
  <system-out/>
  <testcase classname="testngpkg.Redifftestng" name="content" time="0.672"/>
  <system-out/>
  <testcase classname="testngpkg.Redifftestng" name="Buttontextverify" time="0.633"/>
  <system-out/>
</testsuite> <!-- testngpkg.Redifftestng -->
