<?xml version="1.0" encoding="UTF-8"?>
<!-- Generated by org.testng.reporters.JUnitReportReporter -->
<testsuite hostname="THOMAS" failures="0" tests="1" name="testngpkg.Egs11" time="7.275" errors="0" timestamp="2024-02-22T10:08:03 IST" skipped="0">
  <testcase classname="testngpkg.Egs11" name="hello" time="7.275"/>
  <system-out/>
</testsuite> <!-- testngpkg.Egs11 -->
