<?xml version="1.0" encoding="UTF-8"?>
<!-- Generated by org.testng.reporters.JUnitReportReporter -->
<testsuite hostname="THOMAS" failures="0" tests="1" name="testngpkg.Copybank" time="6.908" errors="0" timestamp="2024-02-22T09:02:36 IST" skipped="0">
  <testcase classname="testngpkg.Copybank" name="strt" time="6.908"/>
  <system-out/>
</testsuite> <!-- testngpkg.Copybank -->
