<?xml version="1.0" encoding="UTF-8"?>
<!-- Generated by org.testng.reporters.JUnitReportReporter -->
<testsuite hostname="THOMAS" failures="0" tests="1" name="testngpkg.Copypaste" time="3.888" errors="0" timestamp="2024-03-01T23:10:05 IST" skipped="0">
  <testcase classname="testngpkg.Copypaste" name="ft" time="3.888"/>
  <system-out/>
</testsuite> <!-- testngpkg.Copypaste -->
