<?xml version="1.0" encoding="UTF-8"?>
<!-- Generated by org.testng.reporters.JUnitReportReporter -->
<testsuite hostname="THOMAS" failures="0" tests="1" name="test.Fbtest" time="0.313" errors="0" timestamp="2024-03-06T22:48:02 IST" skipped="0">
  <testcase classname="test.Fbtest" name="logintest" time="0.313"/>
  <system-out/>
</testsuite> <!-- test.Fbtest -->
