<?xml version="1.0" encoding="UTF-8"?>
<!-- Generated by org.testng.reporters.JUnitReportReporter -->
<testsuite hostname="THOMAS" failures="0" tests="1" name="testngpkg.Amazonauto" time="19.660" errors="0" timestamp="2024-02-28T17:11:43 IST" skipped="0">
  <testcase classname="testngpkg.Amazonauto" name="start" time="19.660"/>
  <system-out/>
</testsuite> <!-- testngpkg.Amazonauto -->
