<?xml version="1.0" encoding="UTF-8"?>
<!-- Generated by org.testng.reporters.JUnitReportReporter -->
<testsuite hostname="THOMAS" failures="0" tests="1" name="testngpkg.Egexl" time="26.177" errors="0" timestamp="2024-02-27T08:46:54 IST" skipped="0">
  <testcase classname="testngpkg.Egexl" name="datadriver" time="26.177"/>
  <system-out/>
</testsuite> <!-- testngpkg.Egexl -->
