<?xml version="1.0" encoding="UTF-8"?>
<!-- Generated by org.testng.reporters.JUnitReportReporter -->
<testsuite hostname="THOMAS" failures="0" tests="1" name="testngpkg.Chromepopup" time="2.558" errors="0" timestamp="2024-02-28T17:04:20 IST" skipped="0">
  <testcase classname="testngpkg.Chromepopup" name="fyt" time="2.558"/>
  <system-out/>
</testsuite> <!-- testngpkg.Chromepopup -->
