<?xml version="1.0" encoding="UTF-8"?>
<!-- Generated by org.testng.reporters.JUnitReportReporter -->
<testsuite hostname="THOMAS" failures="0" tests="1" name="testngpkg.Facebk" time="2.017" errors="0" timestamp="2024-02-20T23:08:11 IST" skipped="0">
  <testcase classname="testngpkg.Facebk" name="start" time="2.017"/>
  <system-out/>
</testsuite> <!-- testngpkg.Facebk -->
