<?xml version="1.0" encoding="UTF-8"?>
<!-- Generated by org.testng.reporters.JUnitReportReporter -->
<testsuite hostname="THOMAS" failures="0" tests="1" name="testngpkg.Pramtr" time="0.011" errors="0" timestamp="2024-02-20T22:34:15 IST" skipped="0">
  <testcase classname="testngpkg.Pramtr" name="startt" time="0.011"/>
  <system-out/>
</testsuite> <!-- testngpkg.Pramtr -->
