<?xml version="1.0" encoding="UTF-8"?>
<!-- Generated by org.testng.reporters.JUnitReportReporter -->
<testsuite hostname="THOMAS" failures="0" tests="1" name="testngpkg.Loginauto" time="7.931" errors="0" timestamp="2024-02-26T22:07:13 IST" skipped="0">
  <testcase classname="testngpkg.Loginauto" name="starts" time="7.931"/>
  <system-out/>
</testsuite> <!-- testngpkg.Loginauto -->
