<?xml version="1.0" encoding="UTF-8"?>
<!-- Generated by org.testng.reporters.JUnitReportReporter -->
<testsuite hostname="THOMAS" failures="0" tests="1" name="testngpkg.Amazonaboutus" time="7.845" errors="0" timestamp="2024-02-28T16:55:15 IST" skipped="0">
  <testcase classname="testngpkg.Amazonaboutus" name="hyu" time="7.845"/>
  <system-out/>
</testsuite> <!-- testngpkg.Amazonaboutus -->
