<?xml version="1.0" encoding="UTF-8"?>
<!-- Generated by org.testng.reporters.JUnitReportReporter -->
<testsuite hostname="THOMAS" failures="0" tests="1" name="testngpkg.Robotclss" time="9.274" errors="0" timestamp="2024-02-24T14:03:02 IST" skipped="0">
  <testcase classname="testngpkg.Robotclss" name="fileupload" time="9.274"/>
  <system-out/>
</testsuite> <!-- testngpkg.Robotclss -->
