<?xml version="1.0" encoding="UTF-8"?>
<!-- Generated by org.testng.reporters.JUnitReportReporter -->
<testsuite hostname="THOMAS" failures="0" tests="1" name="testngpkg.Ebay" time="8.072" errors="0" timestamp="2024-02-28T16:33:27 IST" skipped="0">
  <testcase classname="testngpkg.Ebay" name="newt" time="8.072"/>
  <system-out/>
</testsuite> <!-- testngpkg.Ebay -->
