<?xml version="1.0" encoding="UTF-8"?>
<!-- Generated by org.testng.reporters.JUnitReportReporter -->
<testsuite hostname="THOMAS" failures="0" tests="3" name="testngpkg.Crossbr" time="14.117" errors="0" timestamp="2024-02-20T23:20:24 IST" skipped="0">
  <testcase classname="testngpkg.Crossbr" name="ftr" time="1.950"/>
  <system-out/>
  <testcase classname="testngpkg.Crossbr" name="ftr" time="8.171"/>
  <system-out/>
  <testcase classname="testngpkg.Crossbr" name="ftr" time="3.996"/>
  <system-out/>
</testsuite> <!-- testngpkg.Crossbr -->
