<?xml version="1.0" encoding="UTF-8"?>
<!-- Generated by org.testng.reporters.JUnitReportReporter -->
<testsuite hostname="THOMAS" failures="0" tests="1" name="test.fbtest2" time="2.246" errors="0" timestamp="2024-03-06T10:54:44 IST" skipped="0">
  <testcase classname="test.fbtest2" name="startt" time="2.246"/>
  <system-out/>
</testsuite> <!-- test.fbtest2 -->
