<?xml version="1.0" encoding="UTF-8"?>
<!-- Generated by org.testng.reporters.JUnitReportReporter -->
<testsuite hostname="THOMAS" failures="0" tests="1" name="testngpkg.Excelsheet" time="29.251" errors="0" timestamp="2024-02-27T21:08:04 IST" skipped="0">
  <testcase classname="testngpkg.Excelsheet" name="datadriver" time="29.251"/>
  <system-out/>
</testsuite> <!-- testngpkg.Excelsheet -->
