<?xml version="1.0" encoding="UTF-8"?>
<!-- Generated by org.testng.reporters.JUnitReportReporter -->
<testsuite hostname="THOMAS" failures="0" tests="3" name="testngpkg.Groupingtestng" time="0.011" errors="0" timestamp="2024-02-17T23:09:01 IST" skipped="0">
  <testcase classname="testngpkg.Groupingtestng" name="test2" time="0.001"/>
  <system-out/>
  <testcase classname="testngpkg.Groupingtestng" name="test1" time="0.008"/>
  <system-out/>
  <testcase classname="testngpkg.Groupingtestng" name="test4" time="0.002"/>
  <system-out/>
</testsuite> <!-- testngpkg.Groupingtestng -->
