<?xml version="1.0" encoding="UTF-8"?>
<!-- Generated by org.testng.reporters.JUnitReportReporter -->
<testsuite hostname="THOMAS" failures="0" tests="1" name="testngpkg.Datadrvn" time="13.460" errors="0" timestamp="2024-02-27T20:56:01 IST" skipped="0">
  <testcase classname="testngpkg.Datadrvn" name="start" time="13.460"/>
  <system-out/>
</testsuite> <!-- testngpkg.Datadrvn -->
