<?xml version="1.0" encoding="UTF-8"?>
<!-- Generated by org.testng.reporters.JUnitReportReporter -->
<testsuite hostname="THOMAS" failures="0" tests="1" name="testngpkg.Fileuploadss" time="6.155" errors="0" timestamp="2024-02-22T21:27:39 IST" skipped="0">
  <testcase classname="testngpkg.Fileuploadss" name="files" time="6.155"/>
  <system-out/>
</testsuite> <!-- testngpkg.Fileuploadss -->
